<?xml version="1.0" encoding="UTF-8"?>
<!-- Generated by org.testng.reporters.JUnitXMLReporter -->
<testsuite hostname="CPU0057" name="Default test" tests="1" failures="0" timestamp="31 Oct 2017 11:47:16 GMT" time="0.031" errors="0">
  <testcase name="@BeforeTest beforeTest" time="0.0" classname="parallelExecution.com.thinksys.parallelExecution.RegistrationTestCases">
    <failure type="org.testng.TestNGException" message="
Parameter &amp;apos;browser&amp;apos; is required by @Configuration on method beforeTest but has not been marked @Optional or defined
in C:\Users\thinksysuser\AppData\Local\Temp\testng-eclipse-937926114\testng-customsuite.xml">
      <![CDATA[org.testng.TestNGException: 
Parameter 'browser' is required by @Configuration on method beforeTest but has not been marked @Optional or defined
in C:\Users\thinksysuser\AppData\Local\Temp\testng-eclipse-937926114\testng-customsuite.xml
	at org.testng.internal.Parameters.createParameters(Parameters.java:148)
	at org.testng.internal.Parameters.createParameters(Parameters.java:361)
	at org.testng.internal.Parameters.createConfigurationParameters(Parameters.java:84)
	at org.testng.internal.Invoker.invokeConfigurations(Invoker.java:197)
	at org.testng.internal.Invoker.invokeConfigurations(Invoker.java:138)
	at org.testng.TestRunner.beforeRun(TestRunner.java:647)
	at org.testng.TestRunner.run(TestRunner.java:615)
	at org.testng.SuiteRunner.runTest(SuiteRunner.java:357)
	at org.testng.SuiteRunner.runSequentially(SuiteRunner.java:352)
	at org.testng.SuiteRunner.privateRun(SuiteRunner.java:310)
	at org.testng.SuiteRunner.run(SuiteRunner.java:259)
	at org.testng.SuiteRunnerWorker.runSuite(SuiteRunnerWorker.java:52)
	at org.testng.SuiteRunnerWorker.run(SuiteRunnerWorker.java:86)
	at org.testng.TestNG.runSuitesSequentially(TestNG.java:1185)
	at org.testng.TestNG.runSuitesLocally(TestNG.java:1110)
	at org.testng.TestNG.run(TestNG.java:1018)
	at org.testng.remote.AbstractRemoteTestNG.run(AbstractRemoteTestNG.java:114)
	at org.testng.remote.RemoteTestNG.initAndRun(RemoteTestNG.java:251)
	at org.testng.remote.RemoteTestNG.main(RemoteTestNG.java:77)
]]>
    </failure>
  </testcase> <!-- @BeforeTest beforeTest -->
  <testcase name="@AfterMethod teardownMethod" time="0.0" classname="parallelExecution.com.thinksys.parallelExecution.RegistrationTestCases">
    <skipped/>
  </testcase> <!-- @AfterMethod teardownMethod -->
  <testcase name="@AfterTest afterTest" time="0.0" classname="parallelExecution.com.thinksys.parallelExecution.RegistrationTestCases">
    <skipped/>
  </testcase> <!-- @AfterTest afterTest -->
  <testcase name="verifyAccountInfoAfterRegistration" time="0.002" classname="parallelExecution.com.thinksys.parallelExecution.RegistrationTestCases">
    <skipped/>
  </testcase> <!-- verifyAccountInfoAfterRegistration -->
</testsuite> <!-- Default test -->
