<?xml version="1.0" encoding="UTF-8"?>
<!-- Generated by org.testng.reporters.JUnitXMLReporter -->
<testsuite hostname="CPU0057" name="Test1" tests="5" failures="0" timestamp="11 Dec 2017 13:03:31 GMT" time="59.867" errors="0">
  <testcase name="login" time="7.997" classname="parallelExecution.com.thinksys.parallelExecution.LoginTestCases"/>
  <testcase name="loginWithIncorrectPassword" time="8.53" classname="parallelExecution.com.thinksys.parallelExecution.LoginTestCases"/>
  <testcase name="registration" time="7.41" classname="parallelExecution.com.thinksys.parallelExecution.RegistrationTestCases"/>
  <testcase name="registrationWithExistingEmail" time="12.621" classname="parallelExecution.com.thinksys.parallelExecution.RegistrationTestCases"/>
  <testcase name="verifyAccountInfoAfterRegistration" time="7.252" classname="parallelExecution.com.thinksys.parallelExecution.RegistrationTestCases"/>
</testsuite> <!-- Test1 -->
