<?xml version="1.0" encoding="UTF-8"?>
<!-- Generated by org.testng.reporters.JUnitXMLReporter -->
<testsuite hostname="CPU0057" name="Test2" tests="5" failures="0" timestamp="6 Dec 2017 14:22:14 GMT" time="66.521" errors="0">
  <testcase name="login" time="6.35" classname="parallelExecution.com.thinksys.parallelExecution.LoginTestCases"/>
  <testcase name="loginWithIncorrectPassword" time="7.075" classname="parallelExecution.com.thinksys.parallelExecution.LoginTestCases"/>
  <testcase name="registration" time="8.148" classname="parallelExecution.com.thinksys.parallelExecution.RegistrationTestCases"/>
  <testcase name="registrationWithExistingEmail" time="9.859" classname="parallelExecution.com.thinksys.parallelExecution.RegistrationTestCases"/>
  <testcase name="verifyAccountInfoAfterRegistration" time="7.744" classname="parallelExecution.com.thinksys.parallelExecution.RegistrationTestCases"/>
</testsuite> <!-- Test2 -->
