<?xml version="1.0" encoding="UTF-8"?>
<!-- Generated by org.testng.reporters.JUnitXMLReporter -->
<testsuite hostname="CPU0057" name="Test2" tests="5" failures="0" timestamp="11 Dec 2017 13:03:42 GMT" time="71.25" errors="0">
  <testcase name="login" time="9.236" classname="parallelExecution.com.thinksys.parallelExecution.LoginTestCases"/>
  <testcase name="loginWithIncorrectPassword" time="6.574" classname="parallelExecution.com.thinksys.parallelExecution.LoginTestCases"/>
  <testcase name="registration" time="6.125" classname="parallelExecution.com.thinksys.parallelExecution.RegistrationTestCases"/>
  <testcase name="registrationWithExistingEmail" time="10.007" classname="parallelExecution.com.thinksys.parallelExecution.RegistrationTestCases"/>
  <testcase name="verifyAccountInfoAfterRegistration" time="6.078" classname="parallelExecution.com.thinksys.parallelExecution.RegistrationTestCases"/>
</testsuite> <!-- Test2 -->
