<?xml version="1.0" encoding="UTF-8"?>
<testng-results skipped="0" failed="0" total="10" passed="10">
  <reporter-output>
  </reporter-output>
  <suite name="Suite" duration-ms="71251" started-at="2017-12-11T13:02:31Z" finished-at="2017-12-11T13:03:42Z">
    <groups>
    </groups>
    <test name="Test1" duration-ms="59867" started-at="2017-12-11T13:02:31Z" finished-at="2017-12-11T13:03:31Z">
      <class name="parallelExecution.com.thinksys.parallelExecution.LoginTestCases">
        <test-method status="PASS" signature="beforeMethod(java.lang.String, java.lang.reflect.Method)[pri:0, instance:parallelExecution.com.thinksys.parallelExecution.LoginTestCases@59fa1d9b]" name="beforeMethod" is-config="true" duration-ms="2908" started-at="2017-12-11T18:32:31Z" finished-at="2017-12-11T18:32:34Z">
          <params>
            <param index="0">
              <value>
                <![CDATA[chrome]]>
              </value>
            </param>
            <param index="1">
              <value>
                <![CDATA[public void parallelExecution.com.thinksys.parallelExecution.LoginTestCases.login()]]>
              </value>
            </param>
          </params>
          <reporter-output>
          </reporter-output>
        </test-method> <!-- beforeMethod -->
        <test-method status="PASS" signature="login()[pri:0, instance:parallelExecution.com.thinksys.parallelExecution.LoginTestCases@59fa1d9b]" name="login" duration-ms="7997" started-at="2017-12-11T18:32:34Z" finished-at="2017-12-11T18:32:42Z">
          <reporter-output>
          </reporter-output>
        </test-method> <!-- login -->
        <test-method status="PASS" signature="teardownMethod(org.testng.ITestResult)[pri:0, instance:parallelExecution.com.thinksys.parallelExecution.LoginTestCases@59fa1d9b]" name="teardownMethod" is-config="true" duration-ms="799" started-at="2017-12-11T18:32:42Z" finished-at="2017-12-11T18:32:43Z">
          <params>
            <param index="0">
              <value>
                <![CDATA[[TestResult name=login status=SUCCESS method=LoginTestCases.login()[pri:0, instance:parallelExecution.com.thinksys.parallelExecution.LoginTestCases@59fa1d9b] output={null}]]]>
              </value>
            </param>
          </params>
          <reporter-output>
          </reporter-output>
        </test-method> <!-- teardownMethod -->
        <test-method status="PASS" signature="beforeMethod(java.lang.String, java.lang.reflect.Method)[pri:0, instance:parallelExecution.com.thinksys.parallelExecution.LoginTestCases@59fa1d9b]" name="beforeMethod" is-config="true" duration-ms="2215" started-at="2017-12-11T18:32:43Z" finished-at="2017-12-11T18:32:45Z">
          <params>
            <param index="0">
              <value>
                <![CDATA[chrome]]>
              </value>
            </param>
            <param index="1">
              <value>
                <![CDATA[public void parallelExecution.com.thinksys.parallelExecution.LoginTestCases.loginWithIncorrectPassword()]]>
              </value>
            </param>
          </params>
          <reporter-output>
          </reporter-output>
        </test-method> <!-- beforeMethod -->
        <test-method status="PASS" signature="loginWithIncorrectPassword()[pri:0, instance:parallelExecution.com.thinksys.parallelExecution.LoginTestCases@59fa1d9b]" name="loginWithIncorrectPassword" duration-ms="8530" started-at="2017-12-11T18:32:45Z" finished-at="2017-12-11T18:32:53Z">
          <reporter-output>
          </reporter-output>
        </test-method> <!-- loginWithIncorrectPassword -->
        <test-method status="PASS" signature="teardownMethod(org.testng.ITestResult)[pri:0, instance:parallelExecution.com.thinksys.parallelExecution.LoginTestCases@59fa1d9b]" name="teardownMethod" is-config="true" duration-ms="1148" started-at="2017-12-11T18:32:53Z" finished-at="2017-12-11T18:32:55Z">
          <params>
            <param index="0">
              <value>
                <![CDATA[[TestResult name=loginWithIncorrectPassword status=SUCCESS method=LoginTestCases.loginWithIncorrectPassword()[pri:0, instance:parallelExecution.com.thinksys.parallelExecution.LoginTestCases@59fa1d9b] output={null}]]]>
              </value>
            </param>
          </params>
          <reporter-output>
          </reporter-output>
        </test-method> <!-- teardownMethod -->
      </class> <!-- parallelExecution.com.thinksys.parallelExecution.LoginTestCases -->
      <class name="parallelExecution.com.thinksys.parallelExecution.RegistrationTestCases">
        <test-method status="PASS" signature="beforeMethod(java.lang.String, java.lang.reflect.Method)[pri:0, instance:parallelExecution.com.thinksys.parallelExecution.RegistrationTestCases@6f7fd0e6]" name="beforeMethod" is-config="true" duration-ms="2087" started-at="2017-12-11T18:32:55Z" finished-at="2017-12-11T18:32:57Z">
          <params>
            <param index="0">
              <value>
                <![CDATA[chrome]]>
              </value>
            </param>
            <param index="1">
              <value>
                <![CDATA[public void parallelExecution.com.thinksys.parallelExecution.RegistrationTestCases.registration()]]>
              </value>
            </param>
          </params>
          <reporter-output>
          </reporter-output>
        </test-method> <!-- beforeMethod -->
        <test-method status="PASS" signature="registration()[pri:0, instance:parallelExecution.com.thinksys.parallelExecution.RegistrationTestCases@6f7fd0e6]" name="registration" duration-ms="7410" started-at="2017-12-11T18:32:57Z" finished-at="2017-12-11T18:33:04Z">
          <reporter-output>
          </reporter-output>
        </test-method> <!-- registration -->
        <test-method status="PASS" signature="teardownMethod(org.testng.ITestResult)[pri:0, instance:parallelExecution.com.thinksys.parallelExecution.RegistrationTestCases@6f7fd0e6]" name="teardownMethod" is-config="true" duration-ms="935" started-at="2017-12-11T18:33:04Z" finished-at="2017-12-11T18:33:05Z">
          <params>
            <param index="0">
              <value>
                <![CDATA[[TestResult name=registration status=SUCCESS method=RegistrationTestCases.registration()[pri:0, instance:parallelExecution.com.thinksys.parallelExecution.RegistrationTestCases@6f7fd0e6] output={null}]]]>
              </value>
            </param>
          </params>
          <reporter-output>
          </reporter-output>
        </test-method> <!-- teardownMethod -->
        <test-method status="PASS" signature="beforeMethod(java.lang.String, java.lang.reflect.Method)[pri:0, instance:parallelExecution.com.thinksys.parallelExecution.RegistrationTestCases@6f7fd0e6]" name="beforeMethod" is-config="true" duration-ms="2330" started-at="2017-12-11T18:33:05Z" finished-at="2017-12-11T18:33:07Z">
          <params>
            <param index="0">
              <value>
                <![CDATA[chrome]]>
              </value>
            </param>
            <param index="1">
              <value>
                <![CDATA[public void parallelExecution.com.thinksys.parallelExecution.RegistrationTestCases.registrationWithExistingEmail() throws java.lang.InterruptedException]]>
              </value>
            </param>
          </params>
          <reporter-output>
          </reporter-output>
        </test-method> <!-- beforeMethod -->
        <test-method status="PASS" signature="registrationWithExistingEmail()[pri:0, instance:parallelExecution.com.thinksys.parallelExecution.RegistrationTestCases@6f7fd0e6]" name="registrationWithExistingEmail" duration-ms="12621" started-at="2017-12-11T18:33:07Z" finished-at="2017-12-11T18:33:20Z">
          <reporter-output>
          </reporter-output>
        </test-method> <!-- registrationWithExistingEmail -->
        <test-method status="PASS" signature="teardownMethod(org.testng.ITestResult)[pri:0, instance:parallelExecution.com.thinksys.parallelExecution.RegistrationTestCases@6f7fd0e6]" name="teardownMethod" is-config="true" duration-ms="723" started-at="2017-12-11T18:33:20Z" finished-at="2017-12-11T18:33:21Z">
          <params>
            <param index="0">
              <value>
                <![CDATA[[TestResult name=registrationWithExistingEmail status=SUCCESS method=RegistrationTestCases.registrationWithExistingEmail()[pri:0, instance:parallelExecution.com.thinksys.parallelExecution.RegistrationTestCases@6f7fd0e6] output={null}]]]>
              </value>
            </param>
          </params>
          <reporter-output>
          </reporter-output>
        </test-method> <!-- teardownMethod -->
        <test-method status="PASS" signature="beforeMethod(java.lang.String, java.lang.reflect.Method)[pri:0, instance:parallelExecution.com.thinksys.parallelExecution.RegistrationTestCases@6f7fd0e6]" name="beforeMethod" is-config="true" duration-ms="2127" started-at="2017-12-11T18:33:21Z" finished-at="2017-12-11T18:33:23Z">
          <params>
            <param index="0">
              <value>
                <![CDATA[chrome]]>
              </value>
            </param>
            <param index="1">
              <value>
                <![CDATA[public void parallelExecution.com.thinksys.parallelExecution.RegistrationTestCases.verifyAccountInfoAfterRegistration()]]>
              </value>
            </param>
          </params>
          <reporter-output>
          </reporter-output>
        </test-method> <!-- beforeMethod -->
        <test-method status="PASS" signature="verifyAccountInfoAfterRegistration()[pri:0, instance:parallelExecution.com.thinksys.parallelExecution.RegistrationTestCases@6f7fd0e6]" name="verifyAccountInfoAfterRegistration" duration-ms="7252" started-at="2017-12-11T18:33:23Z" finished-at="2017-12-11T18:33:30Z">
          <reporter-output>
          </reporter-output>
        </test-method> <!-- verifyAccountInfoAfterRegistration -->
        <test-method status="PASS" signature="teardownMethod(org.testng.ITestResult)[pri:0, instance:parallelExecution.com.thinksys.parallelExecution.RegistrationTestCases@6f7fd0e6]" name="teardownMethod" is-config="true" duration-ms="754" started-at="2017-12-11T18:33:30Z" finished-at="2017-12-11T18:33:31Z">
          <params>
            <param index="0">
              <value>
                <![CDATA[[TestResult name=verifyAccountInfoAfterRegistration status=SUCCESS method=RegistrationTestCases.verifyAccountInfoAfterRegistration()[pri:0, instance:parallelExecution.com.thinksys.parallelExecution.RegistrationTestCases@6f7fd0e6] output={null}]]]>
              </value>
            </param>
          </params>
          <reporter-output>
          </reporter-output>
        </test-method> <!-- teardownMethod -->
      </class> <!-- parallelExecution.com.thinksys.parallelExecution.RegistrationTestCases -->
    </test> <!-- Test1 -->
    <test name="Test2" duration-ms="71250" started-at="2017-12-11T13:02:31Z" finished-at="2017-12-11T13:03:42Z">
      <class name="parallelExecution.com.thinksys.parallelExecution.LoginTestCases">
        <test-method status="PASS" signature="setup()[pri:0, instance:parallelExecution.com.thinksys.parallelExecution.LoginTestCases@548e7350]" name="setup" is-config="true" duration-ms="147" started-at="2017-12-11T18:32:31Z" finished-at="2017-12-11T18:32:31Z">
          <reporter-output>
          </reporter-output>
        </test-method> <!-- setup -->
        <test-method status="PASS" signature="beforeMethod(java.lang.String, java.lang.reflect.Method)[pri:0, instance:parallelExecution.com.thinksys.parallelExecution.LoginTestCases@548e7350]" name="beforeMethod" is-config="true" duration-ms="7455" started-at="2017-12-11T18:32:31Z" finished-at="2017-12-11T18:32:38Z">
          <params>
            <param index="0">
              <value>
                <![CDATA[firefox]]>
              </value>
            </param>
            <param index="1">
              <value>
                <![CDATA[public void parallelExecution.com.thinksys.parallelExecution.LoginTestCases.login()]]>
              </value>
            </param>
          </params>
          <reporter-output>
          </reporter-output>
        </test-method> <!-- beforeMethod -->
        <test-method status="PASS" signature="login()[pri:0, instance:parallelExecution.com.thinksys.parallelExecution.LoginTestCases@548e7350]" name="login" duration-ms="9236" started-at="2017-12-11T18:32:38Z" finished-at="2017-12-11T18:32:48Z">
          <reporter-output>
          </reporter-output>
        </test-method> <!-- login -->
        <test-method status="PASS" signature="teardownMethod(org.testng.ITestResult)[pri:0, instance:parallelExecution.com.thinksys.parallelExecution.LoginTestCases@548e7350]" name="teardownMethod" is-config="true" duration-ms="624" started-at="2017-12-11T18:32:48Z" finished-at="2017-12-11T18:32:48Z">
          <params>
            <param index="0">
              <value>
                <![CDATA[[TestResult name=login status=SUCCESS method=LoginTestCases.login()[pri:0, instance:parallelExecution.com.thinksys.parallelExecution.LoginTestCases@548e7350] output={null}]]]>
              </value>
            </param>
          </params>
          <reporter-output>
          </reporter-output>
        </test-method> <!-- teardownMethod -->
        <test-method status="PASS" signature="beforeMethod(java.lang.String, java.lang.reflect.Method)[pri:0, instance:parallelExecution.com.thinksys.parallelExecution.LoginTestCases@548e7350]" name="beforeMethod" is-config="true" duration-ms="6034" started-at="2017-12-11T18:32:48Z" finished-at="2017-12-11T18:32:54Z">
          <params>
            <param index="0">
              <value>
                <![CDATA[firefox]]>
              </value>
            </param>
            <param index="1">
              <value>
                <![CDATA[public void parallelExecution.com.thinksys.parallelExecution.LoginTestCases.loginWithIncorrectPassword()]]>
              </value>
            </param>
          </params>
          <reporter-output>
          </reporter-output>
        </test-method> <!-- beforeMethod -->
        <test-method status="PASS" signature="loginWithIncorrectPassword()[pri:0, instance:parallelExecution.com.thinksys.parallelExecution.LoginTestCases@548e7350]" name="loginWithIncorrectPassword" duration-ms="6574" started-at="2017-12-11T18:32:54Z" finished-at="2017-12-11T18:33:01Z">
          <reporter-output>
          </reporter-output>
        </test-method> <!-- loginWithIncorrectPassword -->
        <test-method status="PASS" signature="teardownMethod(org.testng.ITestResult)[pri:0, instance:parallelExecution.com.thinksys.parallelExecution.LoginTestCases@548e7350]" name="teardownMethod" is-config="true" duration-ms="557" started-at="2017-12-11T18:33:01Z" finished-at="2017-12-11T18:33:01Z">
          <params>
            <param index="0">
              <value>
                <![CDATA[[TestResult name=loginWithIncorrectPassword status=SUCCESS method=LoginTestCases.loginWithIncorrectPassword()[pri:0, instance:parallelExecution.com.thinksys.parallelExecution.LoginTestCases@548e7350] output={null}]]]>
              </value>
            </param>
          </params>
          <reporter-output>
          </reporter-output>
        </test-method> <!-- teardownMethod -->
        <test-method status="PASS" signature="afterSuite()[pri:0, instance:parallelExecution.com.thinksys.parallelExecution.LoginTestCases@548e7350]" name="afterSuite" is-config="true" duration-ms="375" started-at="2017-12-11T18:33:42Z" finished-at="2017-12-11T18:33:43Z">
          <reporter-output>
          </reporter-output>
        </test-method> <!-- afterSuite -->
      </class> <!-- parallelExecution.com.thinksys.parallelExecution.LoginTestCases -->
      <class name="parallelExecution.com.thinksys.parallelExecution.RegistrationTestCases">
        <test-method status="PASS" signature="beforeMethod(java.lang.String, java.lang.reflect.Method)[pri:0, instance:parallelExecution.com.thinksys.parallelExecution.RegistrationTestCases@1a968a59]" name="beforeMethod" is-config="true" duration-ms="6179" started-at="2017-12-11T18:33:01Z" finished-at="2017-12-11T18:33:08Z">
          <params>
            <param index="0">
              <value>
                <![CDATA[firefox]]>
              </value>
            </param>
            <param index="1">
              <value>
                <![CDATA[public void parallelExecution.com.thinksys.parallelExecution.RegistrationTestCases.registration()]]>
              </value>
            </param>
          </params>
          <reporter-output>
          </reporter-output>
        </test-method> <!-- beforeMethod -->
        <test-method status="PASS" signature="registration()[pri:0, instance:parallelExecution.com.thinksys.parallelExecution.RegistrationTestCases@1a968a59]" name="registration" duration-ms="6125" started-at="2017-12-11T18:33:08Z" finished-at="2017-12-11T18:33:14Z">
          <reporter-output>
          </reporter-output>
        </test-method> <!-- registration -->
        <test-method status="PASS" signature="teardownMethod(org.testng.ITestResult)[pri:0, instance:parallelExecution.com.thinksys.parallelExecution.RegistrationTestCases@1a968a59]" name="teardownMethod" is-config="true" duration-ms="491" started-at="2017-12-11T18:33:14Z" finished-at="2017-12-11T18:33:14Z">
          <params>
            <param index="0">
              <value>
                <![CDATA[[TestResult name=registration status=SUCCESS method=RegistrationTestCases.registration()[pri:0, instance:parallelExecution.com.thinksys.parallelExecution.RegistrationTestCases@1a968a59] output={null}]]]>
              </value>
            </param>
          </params>
          <reporter-output>
          </reporter-output>
        </test-method> <!-- teardownMethod -->
        <test-method status="PASS" signature="beforeMethod(java.lang.String, java.lang.reflect.Method)[pri:0, instance:parallelExecution.com.thinksys.parallelExecution.RegistrationTestCases@1a968a59]" name="beforeMethod" is-config="true" duration-ms="5973" started-at="2017-12-11T18:33:14Z" finished-at="2017-12-11T18:33:20Z">
          <params>
            <param index="0">
              <value>
                <![CDATA[firefox]]>
              </value>
            </param>
            <param index="1">
              <value>
                <![CDATA[public void parallelExecution.com.thinksys.parallelExecution.RegistrationTestCases.registrationWithExistingEmail() throws java.lang.InterruptedException]]>
              </value>
            </param>
          </params>
          <reporter-output>
          </reporter-output>
        </test-method> <!-- beforeMethod -->
        <test-method status="PASS" signature="registrationWithExistingEmail()[pri:0, instance:parallelExecution.com.thinksys.parallelExecution.RegistrationTestCases@1a968a59]" name="registrationWithExistingEmail" duration-ms="10007" started-at="2017-12-11T18:33:20Z" finished-at="2017-12-11T18:33:30Z">
          <reporter-output>
          </reporter-output>
        </test-method> <!-- registrationWithExistingEmail -->
        <test-method status="PASS" signature="teardownMethod(org.testng.ITestResult)[pri:0, instance:parallelExecution.com.thinksys.parallelExecution.RegistrationTestCases@1a968a59]" name="teardownMethod" is-config="true" duration-ms="506" started-at="2017-12-11T18:33:30Z" finished-at="2017-12-11T18:33:31Z">
          <params>
            <param index="0">
              <value>
                <![CDATA[[TestResult name=registrationWithExistingEmail status=SUCCESS method=RegistrationTestCases.registrationWithExistingEmail()[pri:0, instance:parallelExecution.com.thinksys.parallelExecution.RegistrationTestCases@1a968a59] output={null}]]]>
              </value>
            </param>
          </params>
          <reporter-output>
          </reporter-output>
        </test-method> <!-- teardownMethod -->
        <test-method status="PASS" signature="beforeMethod(java.lang.String, java.lang.reflect.Method)[pri:0, instance:parallelExecution.com.thinksys.parallelExecution.RegistrationTestCases@1a968a59]" name="beforeMethod" is-config="true" duration-ms="4846" started-at="2017-12-11T18:33:31Z" finished-at="2017-12-11T18:33:36Z">
          <params>
            <param index="0">
              <value>
                <![CDATA[firefox]]>
              </value>
            </param>
            <param index="1">
              <value>
                <![CDATA[public void parallelExecution.com.thinksys.parallelExecution.RegistrationTestCases.verifyAccountInfoAfterRegistration()]]>
              </value>
            </param>
          </params>
          <reporter-output>
          </reporter-output>
        </test-method> <!-- beforeMethod -->
        <test-method status="PASS" signature="verifyAccountInfoAfterRegistration()[pri:0, instance:parallelExecution.com.thinksys.parallelExecution.RegistrationTestCases@1a968a59]" name="verifyAccountInfoAfterRegistration" duration-ms="6078" started-at="2017-12-11T18:33:36Z" finished-at="2017-12-11T18:33:42Z">
          <reporter-output>
          </reporter-output>
        </test-method> <!-- verifyAccountInfoAfterRegistration -->
        <test-method status="PASS" signature="teardownMethod(org.testng.ITestResult)[pri:0, instance:parallelExecution.com.thinksys.parallelExecution.RegistrationTestCases@1a968a59]" name="teardownMethod" is-config="true" duration-ms="542" started-at="2017-12-11T18:33:42Z" finished-at="2017-12-11T18:33:42Z">
          <params>
            <param index="0">
              <value>
                <![CDATA[[TestResult name=verifyAccountInfoAfterRegistration status=SUCCESS method=RegistrationTestCases.verifyAccountInfoAfterRegistration()[pri:0, instance:parallelExecution.com.thinksys.parallelExecution.RegistrationTestCases@1a968a59] output={null}]]]>
              </value>
            </param>
          </params>
          <reporter-output>
          </reporter-output>
        </test-method> <!-- teardownMethod -->
      </class> <!-- parallelExecution.com.thinksys.parallelExecution.RegistrationTestCases -->
    </test> <!-- Test2 -->
  </suite> <!-- Suite -->
</testng-results>
